# JRE version: Java(TM) SE Runtime Environment (8.0_151-b12) (build 1.8.0_151-b12)
# Java VM: Java HotSpot(TM) 64-Bit Server VM (25.151-b12 mixed mode windows-amd64 compressed oops)
Heap:
 PSYoungGen      total 13824K, used 8355K [0x00000000d5b00000, 0x00000000d6e00000, 0x0000000100000000)
  eden space 9728K, 43% used [0x00000000d5b00000,0x00000000d5f2a668,0x00000000d6480000)
  from space 4096K, 99% used [0x00000000d6480000,0x00000000d687e5d8,0x00000000d6880000)
  to   space 2560K, 0% used [0x00000000d6880000,0x00000000d6880000,0x00000000d6b00000)
 ParOldGen       total 10240K, used 6310K [0x0000000081000000, 0x0000000081a00000, 0x00000000d5b00000)
  object space 10240K, 61% used [0x0000000081000000,0x0000000081629a70,0x0000000081a00000)
 Metaspace       used 7924K, capacity 8628K, committed 8960K, reserved 1056768K
  class space    used 921K, capacity 944K, committed 1024K, reserved 1048576K
GC Heap History (10 events):
Event: 1.693 GC heap before
{Heap before GC invocations=6 (full 0):
 PSYoungGen      total 3584K, used 3552K [0x00000000d5b00000, 0x00000000d6300000, 0x0000000100000000)
  eden space 3072K, 100% used [0x00000000d5b00000,0x00000000d5e00000,0x00000000d5e00000)
  from space 512K, 93% used [0x00000000d5e00000,0x00000000d5e78010,0x00000000d5e80000)
  to   space 1024K, 0% used [0x00000000d6200000,0x00000000d6200000,0x00000000d6300000)
 ParOldGen       total 5632K, used 970K [0x0000000081000000, 0x0000000081580000, 0x00000000d5b00000)
  object space 5632K, 17% used [0x0000000081000000,0x00000000810f2910,0x0000000081580000)
 Metaspace       used 7369K, capacity 8180K, committed 8448K, reserved 1056768K
  class space    used 894K, capacity 944K, committed 1024K, reserved 1048576K
Event: 1.699 GC heap after
Heap after GC invocations=6 (full 0):
 PSYoungGen      total 6656K, used 1009K [0x00000000d5b00000, 0x00000000d6400000, 0x0000000100000000)
  eden space 5632K, 0% used [0x00000000d5b00000,0x00000000d5b00000,0x00000000d6080000)
  from space 1024K, 98% used [0x00000000d6200000,0x00000000d62fc5f8,0x00000000d6300000)
  to   space 1536K, 0% used [0x00000000d6080000,0x00000000d6080000,0x00000000d6200000)
 ParOldGen       total 5632K, used 1058K [0x0000000081000000, 0x0000000081580000, 0x00000000d5b00000)
  object space 5632K, 18% used [0x0000000081000000,0x0000000081108910,0x0000000081580000)
 Metaspace       used 7369K, capacity 8180K, committed 8448K, reserved 1056768K
  class space    used 894K, capacity 944K, committed 1024K, reserved 1048576K
}
Event: 2.250 GC heap before
{Heap before GC invocations=7 (full 0):
 PSYoungGen      total 6656K, used 6625K [0x00000000d5b00000, 0x00000000d6400000, 0x0000000100000000)
  eden space 5632K, 99% used [0x00000000d5b00000,0x00000000d607c160,0x00000000d6080000)
  from space 1024K, 98% used [0x00000000d6200000,0x00000000d62fc5f8,0x00000000d6300000)
  to   space 1536K, 0% used [0x00000000d6080000,0x00000000d6080000,0x00000000d6200000)
 ParOldGen       total 5632K, used 1058K [0x0000000081000000, 0x0000000081580000, 0x00000000d5b00000)
  object space 5632K, 18% used [0x0000000081000000,0x0000000081108910,0x0000000081580000)
 Metaspace       used 7504K, capacity 8308K, committed 8448K, reserved 1056768K
  class space    used 897K, capacity 944K, committed 1024K, reserved 1048576K
Event: 2.256 GC heap after
Heap after GC invocations=7 (full 0):
 PSYoungGen      total 7168K, used 1508K [0x00000000d5b00000, 0x00000000d6b00000, 0x0000000100000000)
  eden space 5632K, 0% used [0x00000000d5b00000,0x00000000d5b00000,0x00000000d6080000)
  from space 1536K, 98% used [0x00000000d6080000,0x00000000d61f9168,0x00000000d6200000)
  to   space 2560K, 0% used [0x00000000d6880000,0x00000000d6880000,0x00000000d6b00000)
 ParOldGen       total 5632K, used 2242K [0x0000000081000000, 0x0000000081580000, 0x00000000d5b00000)
  object space 5632K, 39% used [0x0000000081000000,0x0000000081230930,0x0000000081580000)
 Metaspace       used 7504K, capacity 8308K, committed 8448K, reserved 1056768K
  class space    used 897K, capacity 944K, committed 1024K, reserved 1048576K
}
Event: 2.366 GC heap before
{Heap before GC invocations=8 (full 0):
 PSYoungGen      total 7168K, used 7140K [0x00000000d5b00000, 0x00000000d6b00000, 0x0000000100000000)
  eden space 5632K, 100% used [0x00000000d5b00000,0x00000000d6080000,0x00000000d6080000)
  from space 1536K, 98% used [0x00000000d6080000,0x00000000d61f9168,0x00000000d6200000)
  to   space 2560K, 0% used [0x00000000d6880000,0x00000000d6880000,0x00000000d6b00000)
 ParOldGen       total 5632K, used 2242K [0x0000000081000000, 0x0000000081580000, 0x00000000d5b00000)
  object space 5632K, 39% used [0x0000000081000000,0x0000000081230930,0x0000000081580000)
 Metaspace       used 7627K, capacity 8372K, committed 8704K, reserved 1056768K
  class space    used 905K, capacity 944K, committed 1024K, reserved 1048576K
Event: 2.379 GC heap after
Heap after GC invocations=8 (full 0):
 PSYoungGen      total 12288K, used 2528K [0x00000000d5b00000, 0x00000000d6e00000, 0x0000000100000000)
  eden space 9728K, 0% used [0x00000000d5b00000,0x00000000d5b00000,0x00000000d6480000)
  from space 2560K, 98% used [0x00000000d6880000,0x00000000d6af8290,0x00000000d6b00000)
  to   space 4096K, 0% used [0x00000000d6480000,0x00000000d6480000,0x00000000d6880000)
 ParOldGen       total 5632K, used 5557K [0x0000000081000000, 0x0000000081580000, 0x00000000d5b00000)
  object space 5632K, 98% used [0x0000000081000000,0x000000008156d7d0,0x0000000081580000)
 Metaspace       used 7627K, capacity 8372K, committed 8704K, reserved 1056768K
  class space    used 905K, capacity 944K, committed 1024K, reserved 1048576K
}
Event: 2.379 GC heap before
{Heap before GC invocations=9 (full 1):
 PSYoungGen      total 12288K, used 2528K [0x00000000d5b00000, 0x00000000d6e00000, 0x0000000100000000)
  eden space 9728K, 0% used [0x00000000d5b00000,0x00000000d5b00000,0x00000000d6480000)
  from space 2560K, 98% used [0x00000000d6880000,0x00000000d6af8290,0x00000000d6b00000)
  to   space 4096K, 0% used [0x00000000d6480000,0x00000000d6480000,0x00000000d6880000)
 ParOldGen       total 5632K, used 5557K [0x0000000081000000, 0x0000000081580000, 0x00000000d5b00000)
  object space 5632K, 98% used [0x0000000081000000,0x000000008156d7d0,0x0000000081580000)
 Metaspace       used 7627K, capacity 8372K, committed 8704K, reserved 1056768K
  class space    used 905K, capacity 944K, committed 1024K, reserved 1048576K
Event: 2.455 GC heap after
Heap after GC invocations=9 (full 1):
 PSYoungGen      total 12288K, used 2503K [0x00000000d5b00000, 0x00000000d6e00000, 0x0000000100000000)
  eden space 9728K, 0% used [0x00000000d5b00000,0x00000000d5b00000,0x00000000d6480000)
  from space 2560K, 97% used [0x00000000d6880000,0x00000000d6af1e98,0x00000000d6b00000)
  to   space 4096K, 0% used [0x00000000d6480000,0x00000000d6480000,0x00000000d6880000)
 ParOldGen       total 10240K, used 5321K [0x0000000081000000, 0x0000000081a00000, 0x00000000d5b00000)
  object space 10240K, 51% used [0x0000000081000000,0x0000000081532488,0x0000000081a00000)
 Metaspace       used 7627K, capacity 8372K, committed 8704K, reserved 1056768K
  class space    used 905K, capacity 944K, committed 1024K, reserved 1048576K
}
Event: 2.693 GC heap before
{Heap before GC invocations=10 (full 1):
 PSYoungGen      total 12288K, used 12231K [0x00000000d5b00000, 0x00000000d6e00000, 0x0000000100000000)
  eden space 9728K, 100% used [0x00000000d5b00000,0x00000000d6480000,0x00000000d6480000)
  from space 2560K, 97% used [0x00000000d6880000,0x00000000d6af1e98,0x00000000d6b00000)
  to   space 4096K, 0% used [0x00000000d6480000,0x00000000d6480000,0x00000000d6880000)
 ParOldGen       total 10240K, used 5321K [0x0000000081000000, 0x0000000081a00000, 0x00000000d5b00000)
  object space 10240K, 51% used [0x0000000081000000,0x0000000081532488,0x0000000081a00000)
 Metaspace       used 7822K, capacity 8500K, committed 8704K, reserved 1056768K
  class space    used 918K, capacity 944K, committed 1024K, reserved 1048576K
Event: 2.705 GC heap after
Heap after GC invocations=10 (full 1):
 PSYoungGen      total 13824K, used 4089K [0x00000000d5b00000, 0x00000000d6e00000, 0x0000000100000000)
  eden space 9728K, 0% used [0x00000000d5b00000,0x00000000d5b00000,0x00000000d6480000)
  from space 4096K, 99% used [0x00000000d6480000,0x00000000d687e5d8,0x00000000d6880000)
  to   space 2560K, 0% used [0x00000000d6880000,0x00000000d6880000,0x00000000d6b00000)
 ParOldGen       total 10240K, used 6310K [0x0000000081000000, 0x0000000081a00000, 0x00000000d5b00000)
  object space 10240K, 61% used [0x0000000081000000,0x0000000081629a70,0x0000000081a00000)
 Metaspace       used 7822K, capacity 8500K, committed 8704K, reserved 1056768K
  class space    used 918K, capacity 944K, committed 1024K, reserved 1048576K
}

