# JRE version: Java(TM) SE Runtime Environment (8.0_141-b15) (build 1.8.0_141-b15)
# Java VM: Java HotSpot(TM) 64-Bit Server VM (25.141-b15 mixed mode windows-amd64 compressed oops)
Heap:
 PSYoungGen      total 38400K, used 15559K [0x00000000d5b00000, 0x00000000d8580000, 0x0000000100000000)
  eden space 33280K, 46% used [0x00000000d5b00000,0x00000000d6a31c08,0x00000000d7b80000)
  from space 5120K, 0% used [0x00000000d7b80000,0x00000000d7b80000,0x00000000d8080000)
  to   space 5120K, 0% used [0x00000000d8080000,0x00000000d8080000,0x00000000d8580000)
 ParOldGen       total 63488K, used 843K [0x0000000081000000, 0x0000000084e00000, 0x00000000d5b00000)
  object space 63488K, 1% used [0x0000000081000000,0x00000000810d2c88,0x0000000084e00000)
 Metaspace       used 13813K, capacity 14018K, committed 14336K, reserved 1064960K
  class space    used 1847K, capacity 1939K, committed 2048K, reserved 1048576K
GC Heap History (4 events):
Event: 0.393 GC heap before
{Heap before GC invocations=1 (full 0):
 PSYoungGen      total 38400K, used 3993K [0x00000000d5b00000, 0x00000000d8580000, 0x0000000100000000)
  eden space 33280K, 12% used [0x00000000d5b00000,0x00000000d5ee67a8,0x00000000d7b80000)
  from space 5120K, 0% used [0x00000000d8080000,0x00000000d8080000,0x00000000d8580000)
  to   space 5120K, 0% used [0x00000000d7b80000,0x00000000d7b80000,0x00000000d8080000)
 ParOldGen       total 87552K, used 0K [0x0000000081000000, 0x0000000086580000, 0x00000000d5b00000)
  object space 87552K, 0% used [0x0000000081000000,0x0000000081000000,0x0000000086580000)
 Metaspace       used 7551K, capacity 7652K, committed 7680K, reserved 1062912K
  class space    used 953K, capacity 1017K, committed 1024K, reserved 1048576K
Event: 0.395 GC heap after
Heap after GC invocations=1 (full 0):
 PSYoungGen      total 38400K, used 960K [0x00000000d5b00000, 0x00000000d8580000, 0x0000000100000000)
  eden space 33280K, 0% used [0x00000000d5b00000,0x00000000d5b00000,0x00000000d7b80000)
  from space 5120K, 18% used [0x00000000d7b80000,0x00000000d7c70000,0x00000000d8080000)
  to   space 5120K, 0% used [0x00000000d8080000,0x00000000d8080000,0x00000000d8580000)
 ParOldGen       total 87552K, used 8K [0x0000000081000000, 0x0000000086580000, 0x00000000d5b00000)
  object space 87552K, 0% used [0x0000000081000000,0x0000000081002000,0x0000000086580000)
 Metaspace       used 7551K, capacity 7652K, committed 7680K, reserved 1062912K
  class space    used 953K, capacity 1017K, committed 1024K, reserved 1048576K
}
Event: 0.395 GC heap before
{Heap before GC invocations=2 (full 1):
 PSYoungGen      total 38400K, used 960K [0x00000000d5b00000, 0x00000000d8580000, 0x0000000100000000)
  eden space 33280K, 0% used [0x00000000d5b00000,0x00000000d5b00000,0x00000000d7b80000)
  from space 5120K, 18% used [0x00000000d7b80000,0x00000000d7c70000,0x00000000d8080000)
  to   space 5120K, 0% used [0x00000000d8080000,0x00000000d8080000,0x00000000d8580000)
 ParOldGen       total 87552K, used 8K [0x0000000081000000, 0x0000000086580000, 0x00000000d5b00000)
  object space 87552K, 0% used [0x0000000081000000,0x0000000081002000,0x0000000086580000)
 Metaspace       used 7551K, capacity 7652K, committed 7680K, reserved 1062912K
  class space    used 953K, capacity 1017K, committed 1024K, reserved 1048576K
Event: 0.411 GC heap after
Heap after GC invocations=2 (full 1):
 PSYoungGen      total 38400K, used 0K [0x00000000d5b00000, 0x00000000d8580000, 0x0000000100000000)
  eden space 33280K, 0% used [0x00000000d5b00000,0x00000000d5b00000,0x00000000d7b80000)
  from space 5120K, 0% used [0x00000000d7b80000,0x00000000d7b80000,0x00000000d8080000)
  to   space 5120K, 0% used [0x00000000d8080000,0x00000000d8080000,0x00000000d8580000)
 ParOldGen       total 63488K, used 843K [0x0000000081000000, 0x0000000084e00000, 0x00000000d5b00000)
  object space 63488K, 1% used [0x0000000081000000,0x00000000810d2c88,0x0000000084e00000)
 Metaspace       used 7551K, capacity 7652K, committed 7680K, reserved 1060864K
  class space    used 953K, capacity 1017K, committed 1024K, reserved 1048576K
}

